# JRE version: OpenJDK Runtime Environment (21.0.3) (build 21.0.3+-12282718-b509.11)
# Java VM: OpenJDK 64-Bit Server VM (21.0.3+-12282718-b509.11, mixed mode, tiered, compressed oops, compressed class ptrs, g1 gc, windows-amd64)
GC Precious Log:
 CardTable entry size: 512
 Card Set container configuration: InlinePtr #cards 5 size 8 Array Of Cards #cards 12 size 40 Howl #buckets 4 coarsen threshold 1843 Howl Bitmap #cards 512 size 80 coarsen threshold 460 Card regions per heap region 1 cards per card region 2048
 CPUs: 4 total, 4 available
 Memory: 8074M
 Large Page Support: Disabled
 NUMA Support: Disabled
 Compressed Oops: Enabled (32-bit)
 Heap Region Size: 1M
 Heap Min Capacity: 8M
 Heap Initial Capacity: 128M
 Heap Max Capacity: 2G
 Pre-touch: Disabled
 Parallel Workers: 4
 Concurrent Workers: 1
 Concurrent Refinement Workers: 4
 Periodic GC: Disabled
Heap:
 garbage-first heap   total 106496K, used 78336K [0x0000000080000000, 0x0000000100000000)
  region size 1024K, 4 young (4096K), 2 survivors (2048K)
 Metaspace       used 60030K, committed 61632K, reserved 1114112K
  class space    used 8112K, committed 8896K, reserved 1048576K
GC Heap History (20 events):
Event: 18.679 GC heap before
{Heap before GC invocations=12 (full 0):
 garbage-first heap   total 78848K, used 65170K [0x0000000080000000, 0x0000000100000000)
  region size 1024K, 24 young (24576K), 3 survivors (3072K)
 Metaspace       used 43221K, committed 44416K, reserved 1114112K
  class space    used 6057K, committed 6656K, reserved 1048576K
}
Event: 18.685 GC heap after
{Heap after GC invocations=13 (full 0):
 garbage-first heap   total 78848K, used 45179K [0x0000000080000000, 0x0000000100000000)
  region size 1024K, 3 young (3072K), 3 survivors (3072K)
 Metaspace       used 43221K, committed 44416K, reserved 1114112K
  class space    used 6057K, committed 6656K, reserved 1048576K
}
Event: 19.727 GC heap before
{Heap before GC invocations=14 (full 0):
 garbage-first heap   total 78848K, used 66683K [0x0000000080000000, 0x0000000100000000)
  region size 1024K, 25 young (25600K), 3 survivors (3072K)
 Metaspace       used 48471K, committed 49728K, reserved 1114112K
  class space    used 6618K, committed 7232K, reserved 1048576K
}
Event: 19.737 GC heap after
{Heap after GC invocations=15 (full 0):
 garbage-first heap   total 78848K, used 47599K [0x0000000080000000, 0x0000000100000000)
  region size 1024K, 4 young (4096K), 4 survivors (4096K)
 Metaspace       used 48471K, committed 49728K, reserved 1114112K
  class space    used 6618K, committed 7232K, reserved 1048576K
}
Event: 20.386 GC heap before
{Heap before GC invocations=15 (full 0):
 garbage-first heap   total 78848K, used 69103K [0x0000000080000000, 0x0000000100000000)
  region size 1024K, 25 young (25600K), 4 survivors (4096K)
 Metaspace       used 49016K, committed 50240K, reserved 1114112K
  class space    used 6669K, committed 7296K, reserved 1048576K
}
Event: 20.394 GC heap after
{Heap after GC invocations=16 (full 0):
 garbage-first heap   total 78848K, used 49989K [0x0000000080000000, 0x0000000100000000)
  region size 1024K, 3 young (3072K), 3 survivors (3072K)
 Metaspace       used 49016K, committed 50240K, reserved 1114112K
  class space    used 6669K, committed 7296K, reserved 1048576K
}
Event: 20.801 GC heap before
{Heap before GC invocations=16 (full 0):
 garbage-first heap   total 78848K, used 57157K [0x0000000080000000, 0x0000000100000000)
  region size 1024K, 12 young (12288K), 3 survivors (3072K)
 Metaspace       used 49523K, committed 50752K, reserved 1114112K
  class space    used 6724K, committed 7360K, reserved 1048576K
}
Event: 20.805 GC heap after
{Heap after GC invocations=17 (full 0):
 garbage-first heap   total 78848K, used 50441K [0x0000000080000000, 0x0000000100000000)
  region size 1024K, 2 young (2048K), 2 survivors (2048K)
 Metaspace       used 49523K, committed 50752K, reserved 1114112K
  class space    used 6724K, committed 7360K, reserved 1048576K
}
Event: 21.795 GC heap before
{Heap before GC invocations=18 (full 0):
 garbage-first heap   total 96256K, used 73993K [0x0000000080000000, 0x0000000100000000)
  region size 1024K, 20 young (20480K), 2 survivors (2048K)
 Metaspace       used 52450K, committed 53824K, reserved 1114112K
  class space    used 7078K, committed 7808K, reserved 1048576K
}
Event: 21.802 GC heap after
{Heap after GC invocations=19 (full 0):
 garbage-first heap   total 96256K, used 52168K [0x0000000080000000, 0x0000000100000000)
  region size 1024K, 3 young (3072K), 3 survivors (3072K)
 Metaspace       used 52450K, committed 53824K, reserved 1114112K
  class space    used 7078K, committed 7808K, reserved 1048576K
}
Event: 31.044 GC heap before
{Heap before GC invocations=19 (full 0):
 garbage-first heap   total 96256K, used 80840K [0x0000000080000000, 0x0000000100000000)
  region size 1024K, 32 young (32768K), 3 survivors (3072K)
 Metaspace       used 55661K, committed 57152K, reserved 1114112K
  class space    used 7626K, committed 8384K, reserved 1048576K
}
Event: 31.051 GC heap after
{Heap after GC invocations=20 (full 0):
 garbage-first heap   total 96256K, used 53223K [0x0000000080000000, 0x0000000100000000)
  region size 1024K, 3 young (3072K), 3 survivors (3072K)
 Metaspace       used 55661K, committed 57152K, reserved 1114112K
  class space    used 7626K, committed 8384K, reserved 1048576K
}
Event: 31.607 GC heap before
{Heap before GC invocations=20 (full 0):
 garbage-first heap   total 96256K, used 57319K [0x0000000080000000, 0x0000000100000000)
  region size 1024K, 8 young (8192K), 3 survivors (3072K)
 Metaspace       used 55827K, committed 57280K, reserved 1114112K
  class space    used 7647K, committed 8384K, reserved 1048576K
}
Event: 31.612 GC heap after
{Heap after GC invocations=21 (full 0):
 garbage-first heap   total 96256K, used 55092K [0x0000000080000000, 0x0000000100000000)
  region size 1024K, 2 young (2048K), 2 survivors (2048K)
 Metaspace       used 55827K, committed 57280K, reserved 1114112K
  class space    used 7647K, committed 8384K, reserved 1048576K
}
Event: 33.887 GC heap before
{Heap before GC invocations=22 (full 0):
 garbage-first heap   total 98304K, used 97076K [0x0000000080000000, 0x0000000100000000)
  region size 1024K, 28 young (28672K), 2 survivors (2048K)
 Metaspace       used 57499K, committed 58944K, reserved 1114112K
  class space    used 7740K, committed 8448K, reserved 1048576K
}
Event: 33.897 GC heap after
{Heap after GC invocations=23 (full 0):
 garbage-first heap   total 106496K, used 75467K [0x0000000080000000, 0x0000000100000000)
  region size 1024K, 4 young (4096K), 4 survivors (4096K)
 Metaspace       used 57499K, committed 58944K, reserved 1114112K
  class space    used 7740K, committed 8448K, reserved 1048576K
}
Event: 34.925 GC heap before
{Heap before GC invocations=23 (full 0):
 garbage-first heap   total 106496K, used 93899K [0x0000000080000000, 0x0000000100000000)
  region size 1024K, 22 young (22528K), 4 survivors (4096K)
 Metaspace       used 58539K, committed 60032K, reserved 1114112K
  class space    used 7876K, committed 8640K, reserved 1048576K
}
Event: 34.932 GC heap after
{Heap after GC invocations=24 (full 0):
 garbage-first heap   total 106496K, used 76290K [0x0000000080000000, 0x0000000100000000)
  region size 1024K, 1 young (1024K), 1 survivors (1024K)
 Metaspace       used 58539K, committed 60032K, reserved 1114112K
  class space    used 7876K, committed 8640K, reserved 1048576K
}
Event: 36.185 GC heap before
{Heap before GC invocations=24 (full 0):
 garbage-first heap   total 106496K, used 95746K [0x0000000080000000, 0x0000000100000000)
  region size 1024K, 20 young (20480K), 1 survivors (1024K)
 Metaspace       used 59873K, committed 61440K, reserved 1114112K
  class space    used 8087K, committed 8832K, reserved 1048576K
}
Event: 36.190 GC heap after
{Heap after GC invocations=25 (full 0):
 garbage-first heap   total 106496K, used 77312K [0x0000000080000000, 0x0000000100000000)
  region size 1024K, 2 young (2048K), 2 survivors (2048K)
 Metaspace       used 59873K, committed 61440K, reserved 1114112K
  class space    used 8087K, committed 8832K, reserved 1048576K
}

